<?xml version="1.0" encoding="UTF-8"?>
<!-- Generated by org.testng.reporters.JUnitReportReporter -->
<testsuite hostname="WKWZT5G9vGoCeBo" failures="0" tests="3" name="com.tutorialsninja.qa.testcases.Search" time="25.668" errors="0" timestamp="2024-08-03T20:52:52 IST" skipped="0">
  <testcase classname="com.tutorialsninja.qa.testcases.Search" name="verifySearchWithValidProduct" time="8.299"/>
  <testcase classname="com.tutorialsninja.qa.testcases.Search" name="verifySearchWithInvalidProdct" time="9.572"/>
  <testcase classname="com.tutorialsninja.qa.testcases.Search" name="verifySearchWithoutAnyProduct" time="7.797"/>
</testsuite> <!-- com.tutorialsninja.qa.testcases.Search -->
