<?xml version="1.0" encoding="UTF-8"?>
<!-- Generated by org.testng.reporters.JUnitReportReporter -->
<testsuite hostname="WKWZT5G9vGoCeBo" failures="0" tests="1" name="com.selenium.testcases.testgoogle" time="5.435" errors="0" timestamp="2024-08-01T15:15:05 IST" skipped="0">
  <testcase classname="com.selenium.testcases.testgoogle" name="checkLogin" time="5.435"/>
</testsuite> <!-- com.selenium.testcases.testgoogle -->
