<?xml version="1.0" encoding="UTF-8"?>
<!-- Generated by org.testng.reporters.JUnitReportReporter -->
<testsuite hostname="WKWZT5G9vGoCeBo" failures="0" tests="4" name="com.tutorialsninja.qa.testcases.Register" time="61.471" errors="0" timestamp="2024-08-03T20:52:52 IST" skipped="0">
  <testcase classname="com.tutorialsninja.qa.testcases.Register" name="verifyRegisteringAnAccountWithMandatoryFields" time="16.768"/>
  <testcase classname="com.tutorialsninja.qa.testcases.Register" name="VerifyRegisteringAccountByProvidingAllFields" time="11.931"/>
  <testcase classname="com.tutorialsninja.qa.testcases.Register" name="verifyRegisteringWithExistingEmailAddress" time="18.915"/>
  <testcase classname="com.tutorialsninja.qa.testcases.Register" name="verifyRegisteringAccountWithoutFillingAnyDetails" time="13.857"/>
</testsuite> <!-- com.tutorialsninja.qa.testcases.Register -->
