<?xml version="1.0" encoding="UTF-8"?>
<!-- Generated by org.testng.reporters.JUnitReportReporter -->
<testsuite hostname="WKWZT5G9vGoCeBo" failures="0" tests="4" name="com.tutorialsninja.qa.testcases.Register" time="56.479" errors="0" timestamp="2024-08-02T20:06:22 IST" skipped="0">
  <testcase classname="com.tutorialsninja.qa.testcases.Register" name="verifyRegisteringAnAccountWithMandatoryFields" time="10.500"/>
  <testcase classname="com.tutorialsninja.qa.testcases.Register" name="VerifyRegisteringAccountByProvidingAllFields" time="10.299"/>
  <testcase classname="com.tutorialsninja.qa.testcases.Register" name="verifyRegisteringWithExistingEmailAddress" time="27.053"/>
  <testcase classname="com.tutorialsninja.qa.testcases.Register" name="verifyRegisteringAccountWithoutFillingAnyDetails" time="8.627"/>
</testsuite> <!-- com.tutorialsninja.qa.testcases.Register -->
